# JRE version: OpenJDK Runtime Environment Temurin-24.0.1+9 (24.0.1+9) (build 24.0.1+9)
# Java VM: OpenJDK 64-Bit Server VM Temurin-24.0.1+9 (24.0.1+9, mixed mode, sharing, tiered, compressed oops, compressed class ptrs, g1 gc, windows-amd64)
GC Precious Log:
 CardTable entry size: 512
 Card Set container configuration: InlinePtr #cards 5 size 8 Array Of Cards #cards 10 size 36 Howl #buckets 4 coarsen threshold 1843 Howl Bitmap #cards 512 size 80 coarsen threshold 460 Card regions per heap region 1 cards per card region 2048
 CPUs: 16 total, 16 available
 Memory: 7561M
 Large Page Support: Disabled
 NUMA Support: Disabled
 Compressed Oops: Enabled (32-bit)
 Heap Region Size: 1M
 Heap Min Capacity: 8M
 Heap Initial Capacity: 120M
 Heap Max Capacity: 1892M
 Pre-touch: Disabled
 Parallel Workers: 13
 Concurrent Workers: 3
 Concurrent Refinement Workers: 13
 Periodic GC: Disabled
Heap:
 garbage-first heap   total reserved 1937408K, committed 131072K, used 85709K [0x0000000089c00000, 0x0000000100000000)
  region size 1024K, 43 young (44032K), 7 survivors (7168K)
 Metaspace       used 32909K, committed 33536K, reserved 1114112K
  class space    used 3148K, committed 3456K, reserved 1048576K
GC Heap History (20 events):
Event: 13.513 GC heap before
{Heap before GC invocations=1 (full 0):
 garbage-first heap   total reserved 1937408K, committed 124928K, used 59312K [0x0000000089c00000, 0x0000000100000000)
  region size 1024K, 57 young (58368K), 5 survivors (5120K)
 Metaspace       used 15728K, committed 16064K, reserved 1114112K
  class space    used 1535K, committed 1664K, reserved 1048576K
}
Event: 13.535 GC heap after
{Heap after GC invocations=2 (full 0):
 garbage-first heap   total reserved 1937408K, committed 124928K, used 11888K [0x0000000089c00000, 0x0000000100000000)
  region size 1024K, 7 young (7168K), 7 survivors (7168K)
 Metaspace       used 15728K, committed 16064K, reserved 1114112K
  class space    used 1535K, committed 1664K, reserved 1048576K
}
Event: 15.028 GC heap before
{Heap before GC invocations=2 (full 0):
 garbage-first heap   total reserved 1937408K, committed 124928K, used 70256K [0x0000000089c00000, 0x0000000100000000)
  region size 1024K, 64 young (65536K), 7 survivors (7168K)
 Metaspace       used 16763K, committed 17088K, reserved 1114112K
  class space    used 1575K, committed 1728K, reserved 1048576K
}
Event: 15.043 GC heap after
{Heap after GC invocations=3 (full 0):
 garbage-first heap   total reserved 1937408K, committed 124928K, used 14448K [0x0000000089c00000, 0x0000000100000000)
  region size 1024K, 3 young (3072K), 3 survivors (3072K)
 Metaspace       used 16763K, committed 17088K, reserved 1114112K
  class space    used 1575K, committed 1728K, reserved 1048576K
}
Event: 19.203 GC heap before
{Heap before GC invocations=3 (full 0):
 garbage-first heap   total reserved 1937408K, committed 124928K, used 61552K [0x0000000089c00000, 0x0000000100000000)
  region size 1024K, 45 young (46080K), 3 survivors (3072K)
 Metaspace       used 21219K, committed 21504K, reserved 1114112K
  class space    used 2030K, committed 2176K, reserved 1048576K
}
Event: 19.218 GC heap after
{Heap after GC invocations=4 (full 0):
 garbage-first heap   total reserved 1937408K, committed 124928K, used 24176K [0x0000000089c00000, 0x0000000100000000)
  region size 1024K, 8 young (8192K), 8 survivors (8192K)
 Metaspace       used 21219K, committed 21504K, reserved 1114112K
  class space    used 2030K, committed 2176K, reserved 1048576K
}
Event: 21.335 GC heap before
{Heap before GC invocations=5 (full 0):
 garbage-first heap   total reserved 1937408K, committed 86016K, used 84592K [0x0000000089c00000, 0x0000000100000000)
  region size 1024K, 66 young (67584K), 8 survivors (8192K)
 Metaspace       used 27011K, committed 27392K, reserved 1114112K
  class space    used 2589K, committed 2752K, reserved 1048576K
}
Event: 21.365 GC heap after
{Heap after GC invocations=6 (full 0):
 garbage-first heap   total reserved 1937408K, committed 108544K, used 37488K [0x0000000089c00000, 0x0000000100000000)
  region size 1024K, 9 young (9216K), 9 survivors (9216K)
 Metaspace       used 27011K, committed 27392K, reserved 1114112K
  class space    used 2589K, committed 2752K, reserved 1048576K
}
Event: 22.417 GC heap before
{Heap before GC invocations=6 (full 0):
 garbage-first heap   total reserved 1937408K, committed 108544K, used 79472K [0x0000000089c00000, 0x0000000100000000)
  region size 1024K, 51 young (52224K), 9 survivors (9216K)
 Metaspace       used 29218K, committed 29632K, reserved 1114112K
  class space    used 2790K, committed 3008K, reserved 1048576K
}
Event: 22.433 GC heap after
{Heap after GC invocations=7 (full 0):
 garbage-first heap   total reserved 1937408K, committed 108544K, used 40960K [0x0000000089c00000, 0x0000000100000000)
  region size 1024K, 3 young (3072K), 3 survivors (3072K)
 Metaspace       used 29218K, committed 29632K, reserved 1114112K
  class space    used 2790K, committed 3008K, reserved 1048576K
}
Event: 22.939 GC heap before
{Heap before GC invocations=7 (full 0):
 garbage-first heap   total reserved 1937408K, committed 108544K, used 84992K [0x0000000089c00000, 0x0000000100000000)
  region size 1024K, 46 young (47104K), 3 survivors (3072K)
 Metaspace       used 30013K, committed 30528K, reserved 1114112K
  class space    used 2891K, committed 3136K, reserved 1048576K
}
Event: 22.947 GC heap after
{Heap after GC invocations=8 (full 0):
 garbage-first heap   total reserved 1937408K, committed 108544K, used 41733K [0x0000000089c00000, 0x0000000100000000)
  region size 1024K, 4 young (4096K), 4 survivors (4096K)
 Metaspace       used 30013K, committed 30528K, reserved 1114112K
  class space    used 2891K, committed 3136K, reserved 1048576K
}
Event: 23.249 GC heap before
{Heap before GC invocations=8 (full 0):
 garbage-first heap   total reserved 1937408K, committed 108544K, used 87813K [0x0000000089c00000, 0x0000000100000000)
  region size 1024K, 49 young (50176K), 4 survivors (4096K)
 Metaspace       used 30199K, committed 30784K, reserved 1114112K
  class space    used 2900K, committed 3136K, reserved 1048576K
}
Event: 23.262 GC heap after
{Heap after GC invocations=9 (full 0):
 garbage-first heap   total reserved 1937408K, committed 108544K, used 43358K [0x0000000089c00000, 0x0000000100000000)
  region size 1024K, 6 young (6144K), 6 survivors (6144K)
 Metaspace       used 30199K, committed 30784K, reserved 1114112K
  class space    used 2900K, committed 3136K, reserved 1048576K
}
Event: 23.550 GC heap before
{Heap before GC invocations=9 (full 0):
 garbage-first heap   total reserved 1937408K, committed 108544K, used 90462K [0x0000000089c00000, 0x0000000100000000)
  region size 1024K, 52 young (53248K), 6 survivors (6144K)
 Metaspace       used 30281K, committed 30848K, reserved 1114112K
  class space    used 2904K, committed 3136K, reserved 1048576K
}
Event: 23.562 GC heap after
{Heap after GC invocations=10 (full 0):
 garbage-first heap   total reserved 1937408K, committed 131072K, used 44130K [0x0000000089c00000, 0x0000000100000000)
  region size 1024K, 4 young (4096K), 4 survivors (4096K)
 Metaspace       used 30281K, committed 30848K, reserved 1114112K
  class space    used 2904K, committed 3136K, reserved 1048576K
}
Event: 24.291 GC heap before
{Heap before GC invocations=10 (full 0):
 garbage-first heap   total reserved 1937408K, committed 131072K, used 109666K [0x0000000089c00000, 0x0000000100000000)
  region size 1024K, 68 young (69632K), 4 survivors (4096K)
 Metaspace       used 31859K, committed 32448K, reserved 1114112K
  class space    used 3101K, committed 3392K, reserved 1048576K
}
Event: 24.300 GC heap after
{Heap after GC invocations=11 (full 0):
 garbage-first heap   total reserved 1937408K, committed 131072K, used 44483K [0x0000000089c00000, 0x0000000100000000)
  region size 1024K, 5 young (5120K), 5 survivors (5120K)
 Metaspace       used 31859K, committed 32448K, reserved 1114112K
  class space    used 3101K, committed 3392K, reserved 1048576K
}
Event: 25.585 GC heap before
{Heap before GC invocations=11 (full 0):
 garbage-first heap   total reserved 1937408K, committed 131072K, used 111043K [0x0000000089c00000, 0x0000000100000000)
  region size 1024K, 68 young (69632K), 5 survivors (5120K)
 Metaspace       used 32875K, committed 33408K, reserved 1114112K
  class space    used 3148K, committed 3392K, reserved 1048576K
}
Event: 25.596 GC heap after
{Heap after GC invocations=12 (full 0):
 garbage-first heap   total reserved 1937408K, committed 131072K, used 46797K [0x0000000089c00000, 0x0000000100000000)
  region size 1024K, 7 young (7168K), 7 survivors (7168K)
 Metaspace       used 32875K, committed 33408K, reserved 1114112K
  class space    used 3148K, committed 3392K, reserved 1048576K
}

